<?xml version="1.0" encoding="UTF-8" ?>
<testsuite tests="7" failures="0" name="GreatestTest" time="0.002" errors="0" skipped="0">
  <properties>
[...]
</properties>
  <testcase classname="GreatestTest" name="TestWithNegative" time="0.002"/>
  <testcase classname="GreatestTest" name="testWithSame" time="0"/>
  <testcase classname="GreatestTest" name="testWithPositive" time="0"/>
  <testcase classname="GreatestTest" name="testWithPositive2" time="0"/>
  <testcase classname="GreatestTest" name="testWithPositive3" time="0"/>
  <testcase classname="GreatestTest" name="testWithZeros" time="0"/>
  <testcase classname="GreatestTest" name="testWithModelSolution" time="0"/>
</testsuite>